C51 COMPILER V9.57.0.0   MAIN                                                              11/06/2020 21:06:46 PAGE 1   


C51 COMPILER V9.57.0.0, COMPILATION OF MODULE MAIN
OBJECT MODULE PLACED IN .\Objects\main.obj
COMPILER INVOKED BY: D:\Keil_v5\C51\BIN\C51.EXE main.c OPTIMIZE(8,SPEED) BROWSE DEBUG OBJECTEXTEND PRINT(.\Listings\main
                    -.lst) OBJECT(.\Objects\main.obj)

line level    source

   1          /***************************************************
   2           * ˵Ϊ50LԶȿˮͰˮˮλϵͳĴ롣
   3           * Ӳõĵ·Ϊ51-V5.5塣
   4           * ߣ
   5           * ע
   6           **************************************************/
   7          #include "temp.h"//Զͷļ""<>
   8          
   9          void systeminit();//ϵͳʼͷ
  10          void timerinit(void);//ʱжϳʼͷ
  11          void lowwaterlevel();//ˮλӳͷ
  12          void mediumwaterlevel();//ˮλӳͷ
  13          void highwaterlevel();//ˮλӳͷ
  14          void tempcontrol();//¶ȿӳͷ
  15          void tempdatadisplay(int temp);//¶ʾͷ
  16          void systemfault(uchar);//Ϻͷ
  17          void choose(unsigned char m);//38λѡͷ
  18          
  19          sbit decoder1 = P2^2;
  20          sbit decoder2 = P2^3;
  21          sbit decoder3 = P2^4;
  22          
  23          sbit P10 = P1^0; sbit P11 = P1^1; sbit P12 = P1^2; sbit P13 = P1^3; 
  24          sbit P14 = P1^4; sbit P15 = P1^5; sbit P16 = P1^6; sbit P17 = P1^7; 
  25          sbit P21 = P2^1; sbit P20 = P2^0;
  26          
  27          bit uptemp;//ȱ־λ1ʾڼ0ʾδ
  28          bit hlevel;//ˮλ־λ1ʾڸˮλ
  29          bit llevel;//ˮλ־λ
  30          bit holdtemp;//±־λ
  31          bit fault;//ϱ־λ
  32          
  33          uint i = 0; j = 0;//ڶʱֻ65536usĶʱҪȫֱi,jжжϲܵ趨ʱ
  34          int nowtemp = 0;
  35          int threeminsagotemp = 0;
  36          uchar samplingnumber;//
  37          long tempcache;//8¶ȻӺͺ洢ڴ˱ѭ8κ8ƽ¶ȣСλ
  38          
  39          /*ܱ0~9+A~F+ʾ*/
  40          unsigned char code nixietubemoon[17] = {0x3F, 0x06, 0x5B, 0x4F, 0x66, 0x6D, 0x7D, 0x07, 0x7F, 0x6F, 0x77, 
             -0x7C, 0x39, 0x5E, 0x79, 0x71, 0x00};
  41          unsigned char code false1[] = {0x71, 0x77, 0x38, 0x6D, 0x79, 0x06};//ˮλ
  42          unsigned char code false2[] = {0x71, 0x77, 0x38, 0x6D, 0x79, 0x5B};//ȵ˿
  43          
  44          void main()
  45          {
  46   1          systeminit();
  47   1          timerinit();
  48   1          while (1) {
  49   2              if (P21 == 1 && P20 == 1) {
  50   3                  lowwaterlevel();
  51   3              }
  52   2              else if (P21 == 0 && P20 == 1) {
  53   3                  mediumwaterlevel();
C51 COMPILER V9.57.0.0   MAIN                                                              11/06/2020 21:06:46 PAGE 2   

  54   3              }
  55   2              else if (P21 == 0 && P20 == 0) {
  56   3                  highwaterlevel();
  57   3              }
  58   2              else if (P21 == 1 && P20 == 0) {
  59   3                  systemfault(1);
  60   3              }
  61   2              tempcontrol();
  62   2              tempdatadisplay(nowtemp);
  63   2          }
  64   1      }
  65          
  66          /*********************************************************
  67           * systeminit
  68           * ܣϵͳʼ
  69           * 룺void
  70           * void
  71           ********************************************************/
  72          void systeminit()
  73          {
  74   1          P1 = 0x03;//ϵͳʼȫָʾƣȫܣ鿴ʾǷرյŷ͵˿
  75   1          for (i = 600; i > 0; i--) {
  76   2              for (j = 0; j < 8; j++) {
  77   3                  choose(j);
  78   3                  P0 = 0xFF;
  79   3                  delay522us();
  80   3                  P0 = 0x00;
  81   3              }
  82   2          }
  83   1          i = 0; j = 0;
  84   1          P1 = 0xFF;//ȷʾϨȫָʾƣϨȫ
  85   1          uptemp = 0; hlevel = 0; llevel = 0; holdtemp = 0; fault = 0;//־λ0
  86   1          /*ڳʼУȲɼһ¶еһʾ*/
  87   1          tempcache = 0;
  88   1          choose(7);
  89   1          P0 = nixietubemoon[0xC];//ʾ"C"ʾϵͳڲɼ¶״̬
  90   1          for (samplingnumber = 0; samplingnumber < 8; samplingnumber++) {
  91   2              tempcache += ds18b20tempreadstart();
  92   2          }
  93   1          nowtemp = tempcache/8;
  94   1          /*³иˮλʾˮ*/
  95   1          if ((P21 == 0 && P20 == 0) || (P21 == 0 && P20 == 1)) {
  96   2              P15 = 0;
  97   2          }
  98   1      }
  99          
 100          /*********************************************************
 101           * tempdatadisplay
 102           * ܣds18b20ȡ¶Ƚдʾٶ̬
 103           * 룺ds18b20tempreadstart()
 104           * void
 105           ********************************************************/
 106          void tempdatadisplay(int temp)
 107          {
 108   1          float tp;
 109   1          long templong;
 110   1          uchar tempdisplay[8];
 111   1          uchar m = 0;
 112   1          int n = 300;
 113   1          if (temp < 0) {
 114   2              tempdisplay[0] = 0x40;
 115   2              temp -= 1;
C51 COMPILER V9.57.0.0   MAIN                                                              11/06/2020 21:06:46 PAGE 3   

 116   2              temp = ~temp;
 117   2          }
 118   1          else {
 119   2              tempdisplay[0] = 0x00;
 120   2          }
 121   1          tp = temp;
 122   1          /*ע͵γΪʾСλ汾ĳڲõʾСλİ汾*/
 123   1          // temp = tp*0.0625*100+0.5;        
 124   1          // for (m = 5; m > 0; m--) {
 125   1          //     tempdisplay[i] = nixietubemoon[(temp % 10)];
 126   1          //     temp /= 10;
 127   1          // }
 128   1          // tempdisplay[3] |= 0x80;
 129   1      
 130   1          // while (n != 0) {
 131   1          //     for(m = 0; m < 6; m++) {
 132   1          //         choose(m);
 133   1          //         P0 = tempdisplay[m];
 134   1          //         delay522us();
 135   1          //         P0 = 0x00;//עһP0ڵҪӰģ
 136   1          //     }
 137   1          //     n--;
 138   1          // }
 139   1      
 140   1          // for(m = 0; m < 6; m++) {
 141   1          //     choose(m);
 142   1          //     P0 = tempdisplay[m];
 143   1          //     delay522us();
 144   1          //     P0 = 0x00;//עһP0ڵҪӰģ
 145   1          // }
 146   1      
 147   1          templong = (tp * 0.0625 * 10000);   
 148   1          for (m = 7; m > 0; m--) {
 149   2              tempdisplay[m] = nixietubemoon[(templong % 10)];
 150   2              templong /= 10;
 151   2          }
 152   1          tempdisplay[3] |= 0x80;
 153   1      
 154   1          /*ע͵һγ򣬶ѭnʹ̬ʾظѭnΣӶܸ
             -ԹϵķӦٶȱò*/
 155   1          // while (n != 0) {
 156   1          //     for(m = 0; m < 8; m++) {
 157   1          //         choose(m);
 158   1          //         P0 = tempdisplay[m];
 159   1          //         delay522us();//ʱһʱʹܸʱ˸
 160   1          //         P0 = 0x00;//עһP0ڵҪӰģ
 161   1          //     }
 162   1          //     n--;
 163   1          // }
 164   1      
 165   1          for(m = 0; m < 8; m++) {
 166   2              choose(m);
 167   2              P0 = tempdisplay[m];
 168   2              delay522us();//ʱһʱʹܸʱ˸
 169   2              P0 = 0x00;//עһP0ڵҪӰģ
 170   2          }
 171   1      }
 172          
 173          /*********************************************************
 174           * choose
 175           * ܣ38ˣԽж̬λѡ
 176           * 룺unsigned int m
C51 COMPILER V9.57.0.0   MAIN                                                              11/06/2020 21:06:46 PAGE 4   

 177           * void
 178           ********************************************************/
 179          void choose(unsigned char m)
 180          {
 181   1          switch(m) {
 182   2              case 0:
 183   2              decoder1 = 0; decoder2 = 0; decoder3 = 0; break;
 184   2              case 1:
 185   2              decoder1 = 1; decoder2 = 0; decoder3 = 0; break;
 186   2              case 2:
 187   2              decoder1 = 0; decoder2 = 1; decoder3 = 0; break;
 188   2              case 3:
 189   2              decoder1 = 1; decoder2 = 1; decoder3 = 0; break;
 190   2              case 4:
 191   2              decoder1 = 0; decoder2 = 0; decoder3 = 1; break;
 192   2              case 5:
 193   2              decoder1 = 1; decoder2 = 0; decoder3 = 1; break;
 194   2              case 6:
 195   2              decoder1 = 0; decoder2 = 1; decoder3 = 1; break;
 196   2              case 7:
 197   2              decoder1 = 1; decoder2 = 1; decoder3 = 1; break;
 198   2      
 199   2          }
 200   1      }
 201          
 202          /*********************************************************
 203           * timerinit
 204           * ܣʱ0&1жϳʼ12MHz£жʱΪ50000us(50ms)
 205           * 룺void
 206           * void
 207           ********************************************************/
 208          void timerinit(void)
 209          {
 210   1          TMOD = 0x11;
 211   1          TH0 = 0x3C;
 212   1          TL0 = 0xB0;
 213   1          TH1 = 0x3C;
 214   1          TL1 = 0xB0;
 215   1          EA = 1;
 216   1          ET0 = 1;ET1 = 1;
 217   1          TR0 = 1;TR1 = 1;
 218   1      }
 219          
 220          /*********************************************************
 221           * timer0
 222           * ܣʱ0жϷӳжϵ˿ϣڵ˿ڼ״̬£Լ30s¶δ仯
             -¶Ƚ򱨾
 223           * ע⣺ͬжϲǶףڲɼ¶ȣʱж1ʱϼʱͣʵʵĹϼʱԼΪ50s
 224           * 룺void
 225           * void
 226           ********************************************************/
 227          void timer0() interrupt 1
 228          {
 229   1          TH0 = 0x3C;
 230   1          TL0 = 0xB0;
 231   1          if (uptemp == 1) {
 232   2              if (i == 0) {
 233   3                  threeminsagotemp = nowtemp;
 234   3              }
 235   2              i++;
 236   2          }
 237   1          else {
C51 COMPILER V9.57.0.0   MAIN                                                              11/06/2020 21:06:46 PAGE 5   

 238   2              i = 0;
 239   2          }
 240   1          if (i == 600) {
 241   2              if (nowtemp <= threeminsagotemp) {
 242   3                  systemfault(2);
 243   3              }
 244   2              i = 0;
 245   2          }
 246   1      }
 247          
 248          /*********************************************************
 249           * timer1
 250           * ܣʱ1жϷӳ趨ÿԼ20sһ
 251           * 룺void
 252           * void
 253           ********************************************************/
 254          void timer1() interrupt 3
 255          {
 256   1          TH1 = 0x3C;
 257   1          TL1 = 0xB0;
 258   1          j++;
 259   1          if (j == 240) {
 260   2              tempcache = 0;
 261   2              choose(7);
 262   2              P0 = nixietubemoon[0xC];
 263   2              for (samplingnumber = 0; samplingnumber < 8; samplingnumber++) {
 264   3                  tempcache += ds18b20tempreadstart();
 265   3              }
 266   2              nowtemp = tempcache/8;
 267   2              j = 0;
 268   2          }
 269   1      }
 270          
 271          /*********************************************************
 272           * highwaterlevel
 273           * ܣˮλӳ
 274           * 룺void
 275           * void
 276           ********************************************************/
 277          void highwaterlevel()
 278          {
 279   1          if (hlevel != 1) {
 280   2              hlevel = 1;
 281   2              P13 = 1;
 282   2              P11 = 1;
 283   2          }
 284   1      }
 285          
 286          /*********************************************************
 287           * mediumwaterlevel
 288           * ܣˮλӳ
 289           * 룺void
 290           * void
 291           ********************************************************/
 292          void mediumwaterlevel()
 293          {
 294   1          if (llevel == 1) {
 295   2              llevel = 0;//ˮλ־λ0
 296   2              P14 = 1;//Ϩȱˮָʾ
 297   2              P15 = 0;//ˮָʾ
 298   2              P10 = 0;//ʼȣʾ˿ָʾƣ
 299   2              P12 = 0;//ָʾ
C51 COMPILER V9.57.0.0   MAIN                                                              11/06/2020 21:06:46 PAGE 6   

 300   2              uptemp = 1;//ȱ־λ1
 301   2              P17 = 1;//Ϩָʾ
 302   2              holdtemp = 0;//±־λ0
 303   2          }
 304   1          else if (hlevel == 1) {
 305   2              hlevel = 0;//ˮλ־λ0
 306   2          }
 307   1      }
 308          
 309          /*********************************************************
 310           * lowwaterlevel
 311           * ܣˮλӳ
 312           * 룺void
 313           * void
 314           ********************************************************/
 315          void lowwaterlevel()
 316          {
 317   1          if (llevel != 1) {
 318   2              P15 = 1;//Ϩˮָʾ
 319   2              P14 = 0;//ȱˮָʾ
 320   2              P11 = 0;//ʼˮʾŷָʾƣ
 321   2              P13 = 0;//ˮָʾ
 322   2      
 323   2              P10 = 1;//ֹͣȣϨʾ˿ָʾƣ
 324   2              P12 = 1;//Ϩָʾ
 325   2              P17 = 1;//Ϩָʾ
 326   2              
 327   2              holdtemp = 0;//±־λ0
 328   2              llevel = 1;//ˮλ־1
 329   2              uptemp = 0;//ȱ־0
 330   2          }
 331   1      }
 332          
 333          /*********************************************************
 334           * systemfault
 335           * ܣʾжˮλƹϻǵ˿
 336           * 룺uchar m
 337           * void
 338           ********************************************************/
 339          void systemfault(uchar n)
 340          {
 341   1          P1 = 0xBF;//ָʾƣϨָʾƣرռȣرռˮ
 342   1          fault = 1;//ϱ־λ1
 343   1          llevel = 0; uptemp = 0; hlevel = 0; holdtemp = 0;//־λ0
 344   1          while (1) {
 345   2              uchar m = 0;
 346   2              for (m = 2; m < 8; m++) {
 347   3                  choose(m);
 348   3                  if (n == 1) {
 349   4                      P0 = false1[m-2];
 350   4                  }
 351   3                  else if (n == 2) {
 352   4                      P0 = false2[m-2];
 353   4                  }
 354   3                  delay522us();
 355   3                  P0 = 0x00;
 356   3              }
 357   2          }
 358   1      }
 359          
 360          /*********************************************************
 361           * tempcontrol
C51 COMPILER V9.57.0.0   MAIN                                                              11/06/2020 21:06:46 PAGE 7   

 362           * ܣ¶ȿӳ
 363           * 룺void
 364           * void
 365           ********************************************************/
 366          void tempcontrol()
 367          {
 368   1          if (llevel != 1) {
 369   2              if (nowtemp <= 0x0500) {
 370   3                  if (uptemp != 1) {
 371   4                      P10 = 0;//ʼȣʾ˿ָʾƣ
 372   4                      P12 = 0;//ָʾ
 373   4                      uptemp = 1;//ȱ־λ1
 374   4                      P17 = 1;//Ϩָʾ
 375   4                      holdtemp = 0;//±־λ0
 376   4                  }
 377   3              }
 378   2              else if (nowtemp >= 0x0640) {
 379   3                  P10 = 1;//ֹͣȣϨʾ˿ָʾƣ
 380   3                  P12 = 1;//Ϩָʾ
 381   3                  uptemp = 0;//ȱ־λ0
 382   3                  P17 = 0;//ָʾ
 383   3                  holdtemp = 1;//±־λ1
 384   3              }
 385   2              else if (holdtemp != 1) {
 386   3                  if (uptemp != 1) {
 387   4                      P10 = 0;//ʼȣʾ˿ָʾƣ
 388   4                      P12 = 0;//ָʾ
 389   4                      uptemp = 1;//ȱ־λ1
 390   4                      P17 = 1;//Ϩָʾ
 391   4                      holdtemp = 0;//±־λ0
 392   4                  }
 393   3              }
 394   2          }
 395   1      }


MODULE INFORMATION:   STATIC OVERLAYABLE
   CODE SIZE        =   1014    ----
   CONSTANT SIZE    =     29    ----
   XDATA SIZE       =   ----    ----
   PDATA SIZE       =   ----    ----
   DATA SIZE        =     13      21
   IDATA SIZE       =   ----    ----
   BIT SIZE         =      5    ----
END OF MODULE INFORMATION.


C51 COMPILATION COMPLETE.  0 WARNING(S),  0 ERROR(S)
